{"name":"test003","id":"in.reqres.usersinfo.UserCRUDTest:test003","testCaseName":"in.reqres.usersinfo.UserCRUDTest","testSteps":[{"number":1,"description":"Login User with email : eve.holt@reqres.in45828, password: cityslicka8286","duration":146,"startTime":"2022-06-21T22:33:33.643+01:00[Europe/London]","exception":{"errorType":"java.lang.AssertionError","message":"1 expectation failed.\nExpected status code \u003c200\u003e but was \u003c400\u003e.\n","stackTrace":[{"declaringClass":"io.restassured.internal.ResponseSpecificationImpl","methodName":"validateResponseIfRequired","fileName":"ResponseSpecificationImpl.groovy","lineNumber":636},{"declaringClass":"io.restassured.internal.ResponseSpecificationImpl","methodName":"statusCode","fileName":"ResponseSpecificationImpl.groovy","lineNumber":122},{"declaringClass":"io.restassured.internal.ResponseSpecificationImpl","methodName":"statusCode","fileName":"ResponseSpecificationImpl.groovy","lineNumber":130},{"declaringClass":"io.restassured.internal.ValidatableResponseOptionsImpl","methodName":"statusCode","fileName":"ValidatableResponseOptionsImpl.java","lineNumber":117},{"declaringClass":"in.reqres.usersinfo.UserSteps","methodName":"userLogin","fileName":"UserSteps.java","lineNumber":55},{"declaringClass":"in.reqres.usersinfo.UserCRUDTest","methodName":"test003","fileName":"UserCRUDTest.java","lineNumber":54}]},"result":"FAILURE","precondition":false,"children":[{"number":2,"description":"POST https://reqres.in/api/login\r\r","duration":0,"startTime":"2022-06-21T22:33:33.774+01:00[Europe/London]","result":"SUCCESS","restQuery":{"method":"POST","path":"https://reqres.in/api/login\r\r","content":"{\n    \"name\": null,\n    \"lastName\": null,\n    \"job\": null,\n    \"email\": \"eve.holt@reqres.in45828\",\n    \"password\": \"cityslicka8286\"\n}\r","contentType":"application/json","requestHeaders":"Accept\u003d*/*\r\n\t\t\t\tContent-Type\u003dapplication/json; charset\u003dUTF-8\r\r","requestCookies":"\r\r","responseHeaders":"Date: Tue, 21 Jun 2022 21:33:34 GMT\nContent-Type: application/json; charset\u003dutf-8\nContent-Length: 26\nConnection: keep-alive\nX-Powered-By: Express\nAccess-Control-Allow-Origin: *\nEtag: W/\"1a-EGIcyP6BIiCXl5Gb1aph5CGf4VQ\"\nVia: 1.1 vegur\nCF-Cache-Status: DYNAMIC\nExpect-CT: max-age\u003d604800, report-uri\u003d\"https://report-uri.cloudflare.com/cdn-cgi/beacon/expect-ct\"\nReport-To: {\"endpoints\":[{\"url\":\"https:\\/\\/a.nel.cloudflare.com\\/report\\/v3?s\u003dNGi23Eq5zSNbt00yM64XWkJBI%2BYPzFIW4lejlAUor0HLp5fXXYkXdj3p9PX7WLhjfaoUql85NAcX1JKPEyNP1xq0Rq9drlZ6i%2FOFJyY0i%2FzFgl7nYAr4RN6P1g%3D%3D\"}],\"group\":\"cf-nel\",\"max_age\":604800}\nNEL: {\"success_fraction\":0,\"report_to\":\"cf-nel\",\"max_age\":604800}\nServer: cloudflare\nCF-RAY: 71efdd001cb0770d-LHR\r","responseCookies":"\r","responseBody":"{\n    \"error\": \"user not found\"\n}","statusCode":400},"precondition":false}]}],"userStory":{"id":"in.reqres.usersinfo.UserCRUDTest","storyName":"User CRUD test","storyClassName":"in.reqres.usersinfo.UserCRUDTest","path":"in.reqres.usersinfo","type":"story"},"featureTag":{"name":"Usersinfo/User CRUD test","type":"story"},"title":"This will login a user","tags":[{"name":"Usersinfo/User CRUD test","type":"story"}],"startTime":"2022-06-21T22:33:33.642+01:00[Europe/London]","duration":149,"testFailureCause":{"errorType":"java.lang.AssertionError","message":"1 expectation failed.\nExpected status code \u003c200\u003e but was \u003c400\u003e.\n","stackTrace":[{"declaringClass":"io.restassured.internal.ResponseSpecificationImpl","methodName":"validateResponseIfRequired","fileName":"ResponseSpecificationImpl.groovy","lineNumber":636},{"declaringClass":"io.restassured.internal.ResponseSpecificationImpl","methodName":"statusCode","fileName":"ResponseSpecificationImpl.groovy","lineNumber":122},{"declaringClass":"io.restassured.internal.ResponseSpecificationImpl","methodName":"statusCode","fileName":"ResponseSpecificationImpl.groovy","lineNumber":130},{"declaringClass":"io.restassured.internal.ValidatableResponseOptionsImpl","methodName":"statusCode","fileName":"ValidatableResponseOptionsImpl.java","lineNumber":117},{"declaringClass":"in.reqres.usersinfo.UserSteps","methodName":"userLogin","fileName":"UserSteps.java","lineNumber":55},{"declaringClass":"in.reqres.usersinfo.UserCRUDTest","methodName":"test003","fileName":"UserCRUDTest.java","lineNumber":54}]},"testFailureClassname":"java.lang.AssertionError","testFailureMessage":"1 expectation failed.\nExpected status code \u003c200\u003e but was \u003c400\u003e.\n","testFailureSummary":"FAILURE;java.lang.AssertionError;1 expectation failed.\nExpected status code \u003c200\u003e but was \u003c400\u003e.\n;ResponseSpecificationImpl.groovy","projectKey":"","annotatedResult":"FAILURE","manual":false,"testSource":"JUnit","result":"FAILURE"}